#
# There is insufficient memory for the Java Runtime Environment to continue.
# Native memory allocation (malloc) failed to allocate 843856 bytes for Chunk::new
# Possible reasons:
#   The system is out of physical RAM or swap space
#   The process is running with CompressedOops enabled, and the Java Heap may be blocking the growth of the native heap
# Possible solutions:
#   Reduce memory load on the system
#   Increase physical memory or swap space
#   Check if swap backing store is full
#   Decrease Java heap size (-Xmx/-Xms)
#   Decrease number of Java threads
#   Decrease Java thread stack sizes (-Xss)
#   Set larger code cache with -XX:ReservedCodeCacheSize=
#   JVM is running with Zero Based Compressed Oops mode in which the Java heap is
#     placed in the first 32GB address space. The Java Heap base address is the
#     maximum limit for the native heap growth. Please use -XX:HeapBaseMinAddress
#     to set the Java Heap base and to place the Java Heap above 32GB virtual address.
# This output file may be truncated or incomplete.
#
#  Out of Memory Error (arena.cpp:191), pid=7328, tid=1552
#
# JRE version: OpenJDK Runtime Environment Temurin-17.0.9+9 (17.0.9+9) (build 17.0.9+9)
# Java VM: OpenJDK 64-Bit Server VM Temurin-17.0.9+9 (17.0.9+9, mixed mode, sharing, tiered, compressed oops, compressed class ptrs, g1 gc, windows-amd64)
# No core dump will be written. Minidumps are not enabled by default on client versions of Windows
#

---------------  S U M M A R Y ------------

Command Line: org.sonarsource.sonarlint.core.backend.cli.SonarLintServerCli

Host: AMD Ryzen 5 3600 6-Core Processor              , 12 cores, 15G,  Windows 10 , 64 bit Build 19041 (10.0.19041.5072)
Time: Mon Dec  9 12:09:32 2024 RTZ 2 (s 10 , 64 bit Build 19041 (10.0.19041.5072) elapsed time: 0.907409 seconds (0d 0h 0m 0s)

---------------  T H R E A D  ---------------

Current thread (0x0000022eef19ecf0):  JavaThread "C2 CompilerThread2" daemon [_thread_in_native, id=1552, stack(0x0000009c6b900000,0x0000009c6ba00000)]


Current CompileTask:
C2:    907 1957       4       java.util.jar.JarFile::maybeInstantiateVerifier (42 bytes)

Stack: [0x0000009c6b900000,0x0000009c6ba00000]
Native frames: (J=compiled Java code, j=interpreted, Vv=VM code, C=native code)
V  [jvm.dll+0x67cf49]
V  [jvm.dll+0x83478a]
V  [jvm.dll+0x83624e]
V  [jvm.dll+0x8368b3]
V  [jvm.dll+0x247f1f]
V  [jvm.dll+0xac43c]
V  [jvm.dll+0xaca8c]
V  [jvm.dll+0x367012]
V  [jvm.dll+0x3313ba]
V  [jvm.dll+0x33085a]
V  [jvm.dll+0x21a5b1]
V  [jvm.dll+0x2199d1]
V  [jvm.dll+0x1a57cd]
V  [jvm.dll+0x2297ae]
V  [jvm.dll+0x22797c]
V  [jvm.dll+0x7e9877]
V  [jvm.dll+0x7e3c3a]
V  [jvm.dll+0x67be35]
C  [ucrtbase.dll+0x21bb2]
C  [KERNEL32.DLL+0x17374]
C  [ntdll.dll+0x4cc91]


---------------  P R O C E S S  ---------------

Threads class SMR info:
_java_thread_list=0x0000022eef39a340, length=19, elements={
0x0000022ec9891d50, 0x0000022eea1c0350, 0x0000022eea1c0be0, 0x0000022eea2e6740,
0x0000022eea2e6d10, 0x0000022eea2e9300, 0x0000022eea2ea7f0, 0x0000022eea2f14d0,
0x0000022eea2f1aa0, 0x0000022eea3087f0, 0x0000022eea4397e0, 0x0000022eea4424b0,
0x0000022eea4ca0f0, 0x0000022eef19ecf0, 0x0000022eeac661b0, 0x0000022eefc6fba0,
0x0000022eeab9fe10, 0x0000022eefc6dac0, 0x0000022eef8a5220
}

Java Threads: ( => current thread )
  0x0000022ec9891d50 JavaThread "main" [_thread_blocked, id=3508, stack(0x0000009c6a500000,0x0000009c6a600000)]
  0x0000022eea1c0350 JavaThread "Reference Handler" daemon [_thread_blocked, id=15216, stack(0x0000009c6ac00000,0x0000009c6ad00000)]
  0x0000022eea1c0be0 JavaThread "Finalizer" daemon [_thread_blocked, id=22456, stack(0x0000009c6ad00000,0x0000009c6ae00000)]
  0x0000022eea2e6740 JavaThread "Signal Dispatcher" daemon [_thread_blocked, id=17392, stack(0x0000009c6ae00000,0x0000009c6af00000)]
  0x0000022eea2e6d10 JavaThread "Attach Listener" daemon [_thread_blocked, id=24304, stack(0x0000009c6af00000,0x0000009c6b000000)]
  0x0000022eea2e9300 JavaThread "Service Thread" daemon [_thread_blocked, id=4256, stack(0x0000009c6b000000,0x0000009c6b100000)]
  0x0000022eea2ea7f0 JavaThread "Monitor Deflation Thread" daemon [_thread_blocked, id=25320, stack(0x0000009c6b100000,0x0000009c6b200000)]
  0x0000022eea2f14d0 JavaThread "C2 CompilerThread0" daemon [_thread_in_native, id=21156, stack(0x0000009c6b200000,0x0000009c6b300000)]
  0x0000022eea2f1aa0 JavaThread "C1 CompilerThread0" daemon [_thread_blocked, id=22332, stack(0x0000009c6b300000,0x0000009c6b400000)]
  0x0000022eea3087f0 JavaThread "Sweeper thread" daemon [_thread_blocked, id=19068, stack(0x0000009c6b400000,0x0000009c6b500000)]
  0x0000022eea4397e0 JavaThread "Notification Thread" daemon [_thread_blocked, id=16772, stack(0x0000009c6b500000,0x0000009c6b600000)]
  0x0000022eea4424b0 JavaThread "Common-Cleaner" daemon [_thread_blocked, id=24984, stack(0x0000009c6b700000,0x0000009c6b800000)]
  0x0000022eea4ca0f0 JavaThread "C2 CompilerThread1" daemon [_thread_in_native, id=17680, stack(0x0000009c6b800000,0x0000009c6b900000)]
=>0x0000022eef19ecf0 JavaThread "C2 CompilerThread2" daemon [_thread_in_native, id=1552, stack(0x0000009c6b900000,0x0000009c6ba00000)]
  0x0000022eeac661b0 JavaThread "Server message writer" [_thread_blocked, id=24784, stack(0x0000009c6ba00000,0x0000009c6bb00000)]
  0x0000022eefc6fba0 JavaThread "Server message writer" [_thread_blocked, id=4520, stack(0x0000009c6c300000,0x0000009c6c400000)]
  0x0000022eeab9fe10 JavaThread "Server message reader" [_thread_blocked, id=3720, stack(0x0000009c6c400000,0x0000009c6c500000)]
  0x0000022eefc6dac0 JavaThread "SonarLint Server RPC sequential executor" [_thread_in_Java, id=15632, stack(0x0000009c6c500000,0x0000009c6c600000)]
  0x0000022eef8a5220 JavaThread "SonarLint Server shutdown" [_thread_blocked, id=8744, stack(0x0000009c6c700000,0x0000009c6c800000)]

Other Threads:
  0x0000022eea1bc1d0 VMThread "VM Thread" [stack: 0x0000009c6ab00000,0x0000009c6ac00000] [id=10948]
  0x0000022eea439cc0 WatcherThread [stack: 0x0000009c6b600000,0x0000009c6b700000] [id=5936]
  0x0000022ec98ffa50 GCTaskThread "GC Thread#0" [stack: 0x0000009c6a600000,0x0000009c6a700000] [id=7312]
  0x0000022eefbe80a0 GCTaskThread "GC Thread#1" [stack: 0x0000009c6bb00000,0x0000009c6bc00000] [id=13576]
  0x0000022eefa3c010 GCTaskThread "GC Thread#2" [stack: 0x0000009c6bc00000,0x0000009c6bd00000] [id=18752]
  0x0000022eef78f290 GCTaskThread "GC Thread#3" [stack: 0x0000009c6bd00000,0x0000009c6be00000] [id=5520]
  0x0000022eef39ada0 GCTaskThread "GC Thread#4" [stack: 0x0000009c6be00000,0x0000009c6bf00000] [id=14204]
  0x0000022eef835100 GCTaskThread "GC Thread#5" [stack: 0x0000009c6bf00000,0x0000009c6c000000] [id=22380]
  0x0000022eefb6cb80 GCTaskThread "GC Thread#6" [stack: 0x0000009c6c000000,0x0000009c6c100000] [id=22160]
  0x0000022eeab9da60 GCTaskThread "GC Thread#7" [stack: 0x0000009c6c100000,0x0000009c6c200000] [id=484]
  0x0000022eefa9e5b0 GCTaskThread "GC Thread#8" [stack: 0x0000009c6c200000,0x0000009c6c300000] [id=18272]
  0x0000022eef2b7a40 GCTaskThread "GC Thread#9" [stack: 0x0000009c6c600000,0x0000009c6c700000] [id=12176]
  0x0000022ec99107a0 ConcurrentGCThread "G1 Main Marker" [stack: 0x0000009c6a700000,0x0000009c6a800000] [id=16748]
  0x0000022ec99110c0 ConcurrentGCThread "G1 Conc#0" [stack: 0x0000009c6a800000,0x0000009c6a900000] [id=22484]
  0x0000022ec994e400 ConcurrentGCThread "G1 Refine#0" [stack: 0x0000009c6a900000,0x0000009c6aa00000] [id=19776]
  0x0000022ec994e940 ConcurrentGCThread "G1 Service" [stack: 0x0000009c6aa00000,0x0000009c6ab00000] [id=20756]

Threads with active compile tasks:
C2 CompilerThread0      921 2040       4       java.lang.StringLatin1::toUpperCase (186 bytes)
C1 CompilerThread0      921 2044   !   3       sun.security.jca.ProviderConfig::getProvider (322 bytes)
C2 CompilerThread1      921 2016       4       java.io.DataInputStream::readUTF (501 bytes)
C2 CompilerThread2      921 1957       4       java.util.jar.JarFile::maybeInstantiateVerifier (42 bytes)

VM state: not at safepoint (normal execution)

VM Mutex/Monitor currently owned by a thread: None

Heap address: 0x0000000701000000, size: 4080 MB, Compressed Oops mode: Zero based, Oop shift amount: 3

CDS archive(s) mapped at: [0x0000022e80000000-0x0000022e80a40000-0x0000022e80a40000), size 10747904, SharedBaseAddress: 0x0000022e80000000, ArchiveRelocationMode: 1.
Compressed class space mapped at: 0x0000022e81000000-0x0000022ec1000000, reserved size: 1073741824
Narrow klass base: 0x0000022e80000000, Narrow klass shift: 0, Narrow klass range: 0x100000000

GC Precious Log:
 CPUs: 12 total, 12 available
 Memory: 16318M
 Large Page Support: Disabled
 NUMA Support: Disabled
 Compressed Oops: Enabled (Zero based)
 Heap Region Size: 2M
 Heap Min Capacity: 8M
 Heap Initial Capacity: 256M
 Heap Max Capacity: 4080M
 Pre-touch: Disabled
 Parallel Workers: 10
 Concurrent Workers: 3
 Concurrent Refinement Workers: 10
 Periodic GC: Disabled

Heap:
 garbage-first heap   total 262144K, used 16447K [0x0000000701000000, 0x0000000800000000)
  region size 2048K, 7 young (14336K), 2 survivors (4096K)
 Metaspace       used 15805K, committed 16064K, reserved 1114112K
  class space    used 1916K, committed 2048K, reserved 1048576K

Heap Regions: E=young(eden), S=young(survivor), O=old, HS=humongous(starts), HC=humongous(continues), CS=collection set, F=free, OA=open archive, CA=closed archive, TAMS=top-at-mark-start (previous, next)
|   0|0x0000000701000000, 0x0000000701200000, 0x0000000701200000|100%| O|  |TAMS 0x0000000701000000, 0x0000000701000000| Untracked 
|   1|0x0000000701200000, 0x0000000701400000, 0x0000000701400000|100%| O|  |TAMS 0x0000000701200000, 0x0000000701200000| Untracked 
|   2|0x0000000701400000, 0x00000007015eec00, 0x0000000701600000| 96%| O|  |TAMS 0x0000000701400000, 0x0000000701400000| Untracked 
|   3|0x0000000701600000, 0x0000000701600000, 0x0000000701800000|  0%| F|  |TAMS 0x0000000701600000, 0x0000000701600000| Untracked 
|   4|0x0000000701800000, 0x0000000701800000, 0x0000000701a00000|  0%| F|  |TAMS 0x0000000701800000, 0x0000000701800000| Untracked 
|   5|0x0000000701a00000, 0x0000000701a00000, 0x0000000701c00000|  0%| F|  |TAMS 0x0000000701a00000, 0x0000000701a00000| Untracked 
|   6|0x0000000701c00000, 0x0000000701c00000, 0x0000000701e00000|  0%| F|  |TAMS 0x0000000701c00000, 0x0000000701c00000| Untracked 
|   7|0x0000000701e00000, 0x0000000701e00000, 0x0000000702000000|  0%| F|  |TAMS 0x0000000701e00000, 0x0000000701e00000| Untracked 
|   8|0x0000000702000000, 0x0000000702000000, 0x0000000702200000|  0%| F|  |TAMS 0x0000000702000000, 0x0000000702000000| Untracked 
|   9|0x0000000702200000, 0x0000000702200000, 0x0000000702400000|  0%| F|  |TAMS 0x0000000702200000, 0x0000000702200000| Untracked 
|  10|0x0000000702400000, 0x0000000702400000, 0x0000000702600000|  0%| F|  |TAMS 0x0000000702400000, 0x0000000702400000| Untracked 
|  11|0x0000000702600000, 0x0000000702600000, 0x0000000702800000|  0%| F|  |TAMS 0x0000000702600000, 0x0000000702600000| Untracked 
|  12|0x0000000702800000, 0x0000000702800000, 0x0000000702a00000|  0%| F|  |TAMS 0x0000000702800000, 0x0000000702800000| Untracked 
|  13|0x0000000702a00000, 0x0000000702a00000, 0x0000000702c00000|  0%| F|  |TAMS 0x0000000702a00000, 0x0000000702a00000| Untracked 
|  14|0x0000000702c00000, 0x0000000702c00000, 0x0000000702e00000|  0%| F|  |TAMS 0x0000000702c00000, 0x0000000702c00000| Untracked 
|  15|0x0000000702e00000, 0x0000000702e00000, 0x0000000703000000|  0%| F|  |TAMS 0x0000000702e00000, 0x0000000702e00000| Untracked 
|  16|0x0000000703000000, 0x0000000703000000, 0x0000000703200000|  0%| F|  |TAMS 0x0000000703000000, 0x0000000703000000| Untracked 
|  17|0x0000000703200000, 0x0000000703200000, 0x0000000703400000|  0%| F|  |TAMS 0x0000000703200000, 0x0000000703200000| Untracked 
|  18|0x0000000703400000, 0x0000000703400000, 0x0000000703600000|  0%| F|  |TAMS 0x0000000703400000, 0x0000000703400000| Untracked 
|  19|0x0000000703600000, 0x0000000703600000, 0x0000000703800000|  0%| F|  |TAMS 0x0000000703600000, 0x0000000703600000| Untracked 
|  20|0x0000000703800000, 0x0000000703800000, 0x0000000703a00000|  0%| F|  |TAMS 0x0000000703800000, 0x0000000703800000| Untracked 
|  21|0x0000000703a00000, 0x0000000703a00000, 0x0000000703c00000|  0%| F|  |TAMS 0x0000000703a00000, 0x0000000703a00000| Untracked 
|  22|0x0000000703c00000, 0x0000000703c00000, 0x0000000703e00000|  0%| F|  |TAMS 0x0000000703c00000, 0x0000000703c00000| Untracked 
|  23|0x0000000703e00000, 0x0000000703e00000, 0x0000000704000000|  0%| F|  |TAMS 0x0000000703e00000, 0x0000000703e00000| Untracked 
|  24|0x0000000704000000, 0x0000000704000000, 0x0000000704200000|  0%| F|  |TAMS 0x0000000704000000, 0x0000000704000000| Untracked 
|  25|0x0000000704200000, 0x0000000704200000, 0x0000000704400000|  0%| F|  |TAMS 0x0000000704200000, 0x0000000704200000| Untracked 
|  26|0x0000000704400000, 0x0000000704400000, 0x0000000704600000|  0%| F|  |TAMS 0x0000000704400000, 0x0000000704400000| Untracked 
|  27|0x0000000704600000, 0x0000000704600000, 0x0000000704800000|  0%| F|  |TAMS 0x0000000704600000, 0x0000000704600000| Untracked 
|  28|0x0000000704800000, 0x0000000704800000, 0x0000000704a00000|  0%| F|  |TAMS 0x0000000704800000, 0x0000000704800000| Untracked 
|  29|0x0000000704a00000, 0x0000000704a00000, 0x0000000704c00000|  0%| F|  |TAMS 0x0000000704a00000, 0x0000000704a00000| Untracked 
|  30|0x0000000704c00000, 0x0000000704c00000, 0x0000000704e00000|  0%| F|  |TAMS 0x0000000704c00000, 0x0000000704c00000| Untracked 
|  31|0x0000000704e00000, 0x0000000704e00000, 0x0000000705000000|  0%| F|  |TAMS 0x0000000704e00000, 0x0000000704e00000| Untracked 
|  32|0x0000000705000000, 0x0000000705000000, 0x0000000705200000|  0%| F|  |TAMS 0x0000000705000000, 0x0000000705000000| Untracked 
|  33|0x0000000705200000, 0x0000000705200000, 0x0000000705400000|  0%| F|  |TAMS 0x0000000705200000, 0x0000000705200000| Untracked 
|  34|0x0000000705400000, 0x0000000705400000, 0x0000000705600000|  0%| F|  |TAMS 0x0000000705400000, 0x0000000705400000| Untracked 
|  35|0x0000000705600000, 0x0000000705600000, 0x0000000705800000|  0%| F|  |TAMS 0x0000000705600000, 0x0000000705600000| Untracked 
|  36|0x0000000705800000, 0x0000000705800000, 0x0000000705a00000|  0%| F|  |TAMS 0x0000000705800000, 0x0000000705800000| Untracked 
|  37|0x0000000705a00000, 0x0000000705a00000, 0x0000000705c00000|  0%| F|  |TAMS 0x0000000705a00000, 0x0000000705a00000| Untracked 
|  38|0x0000000705c00000, 0x0000000705c00000, 0x0000000705e00000|  0%| F|  |TAMS 0x0000000705c00000, 0x0000000705c00000| Untracked 
|  39|0x0000000705e00000, 0x0000000705e00000, 0x0000000706000000|  0%| F|  |TAMS 0x0000000705e00000, 0x0000000705e00000| Untracked 
|  40|0x0000000706000000, 0x0000000706000000, 0x0000000706200000|  0%| F|  |TAMS 0x0000000706000000, 0x0000000706000000| Untracked 
|  41|0x0000000706200000, 0x0000000706200000, 0x0000000706400000|  0%| F|  |TAMS 0x0000000706200000, 0x0000000706200000| Untracked 
|  42|0x0000000706400000, 0x0000000706400000, 0x0000000706600000|  0%| F|  |TAMS 0x0000000706400000, 0x0000000706400000| Untracked 
|  43|0x0000000706600000, 0x0000000706600000, 0x0000000706800000|  0%| F|  |TAMS 0x0000000706600000, 0x0000000706600000| Untracked 
|  44|0x0000000706800000, 0x0000000706800000, 0x0000000706a00000|  0%| F|  |TAMS 0x0000000706800000, 0x0000000706800000| Untracked 
|  45|0x0000000706a00000, 0x0000000706a00000, 0x0000000706c00000|  0%| F|  |TAMS 0x0000000706a00000, 0x0000000706a00000| Untracked 
|  46|0x0000000706c00000, 0x0000000706c00000, 0x0000000706e00000|  0%| F|  |TAMS 0x0000000706c00000, 0x0000000706c00000| Untracked 
|  47|0x0000000706e00000, 0x0000000706e00000, 0x0000000707000000|  0%| F|  |TAMS 0x0000000706e00000, 0x0000000706e00000| Untracked 
|  48|0x0000000707000000, 0x0000000707000000, 0x0000000707200000|  0%| F|  |TAMS 0x0000000707000000, 0x0000000707000000| Untracked 
|  49|0x0000000707200000, 0x0000000707200000, 0x0000000707400000|  0%| F|  |TAMS 0x0000000707200000, 0x0000000707200000| Untracked 
|  50|0x0000000707400000, 0x0000000707400000, 0x0000000707600000|  0%| F|  |TAMS 0x0000000707400000, 0x0000000707400000| Untracked 
|  51|0x0000000707600000, 0x0000000707600000, 0x0000000707800000|  0%| F|  |TAMS 0x0000000707600000, 0x0000000707600000| Untracked 
|  52|0x0000000707800000, 0x0000000707800000, 0x0000000707a00000|  0%| F|  |TAMS 0x0000000707800000, 0x0000000707800000| Untracked 
|  53|0x0000000707a00000, 0x0000000707a00000, 0x0000000707c00000|  0%| F|  |TAMS 0x0000000707a00000, 0x0000000707a00000| Untracked 
|  54|0x0000000707c00000, 0x0000000707c00000, 0x0000000707e00000|  0%| F|  |TAMS 0x0000000707c00000, 0x0000000707c00000| Untracked 
|  55|0x0000000707e00000, 0x0000000707e00000, 0x0000000708000000|  0%| F|  |TAMS 0x0000000707e00000, 0x0000000707e00000| Untracked 
|  56|0x0000000708000000, 0x0000000708000000, 0x0000000708200000|  0%| F|  |TAMS 0x0000000708000000, 0x0000000708000000| Untracked 
|  57|0x0000000708200000, 0x0000000708200000, 0x0000000708400000|  0%| F|  |TAMS 0x0000000708200000, 0x0000000708200000| Untracked 
|  58|0x0000000708400000, 0x0000000708400000, 0x0000000708600000|  0%| F|  |TAMS 0x0000000708400000, 0x0000000708400000| Untracked 
|  59|0x0000000708600000, 0x0000000708600000, 0x0000000708800000|  0%| F|  |TAMS 0x0000000708600000, 0x0000000708600000| Untracked 
|  60|0x0000000708800000, 0x0000000708800000, 0x0000000708a00000|  0%| F|  |TAMS 0x0000000708800000, 0x0000000708800000| Untracked 
|  61|0x0000000708a00000, 0x0000000708a00000, 0x0000000708c00000|  0%| F|  |TAMS 0x0000000708a00000, 0x0000000708a00000| Untracked 
|  62|0x0000000708c00000, 0x0000000708c00000, 0x0000000708e00000|  0%| F|  |TAMS 0x0000000708c00000, 0x0000000708c00000| Untracked 
|  63|0x0000000708e00000, 0x0000000708e00000, 0x0000000709000000|  0%| F|  |TAMS 0x0000000708e00000, 0x0000000708e00000| Untracked 
|  64|0x0000000709000000, 0x0000000709000000, 0x0000000709200000|  0%| F|  |TAMS 0x0000000709000000, 0x0000000709000000| Untracked 
|  65|0x0000000709200000, 0x0000000709200000, 0x0000000709400000|  0%| F|  |TAMS 0x0000000709200000, 0x0000000709200000| Untracked 
|  66|0x0000000709400000, 0x0000000709400000, 0x0000000709600000|  0%| F|  |TAMS 0x0000000709400000, 0x0000000709400000| Untracked 
|  67|0x0000000709600000, 0x0000000709600000, 0x0000000709800000|  0%| F|  |TAMS 0x0000000709600000, 0x0000000709600000| Untracked 
|  68|0x0000000709800000, 0x0000000709800000, 0x0000000709a00000|  0%| F|  |TAMS 0x0000000709800000, 0x0000000709800000| Untracked 
|  69|0x0000000709a00000, 0x0000000709a00000, 0x0000000709c00000|  0%| F|  |TAMS 0x0000000709a00000, 0x0000000709a00000| Untracked 
|  70|0x0000000709c00000, 0x0000000709c00000, 0x0000000709e00000|  0%| F|  |TAMS 0x0000000709c00000, 0x0000000709c00000| Untracked 
|  71|0x0000000709e00000, 0x0000000709e00000, 0x000000070a000000|  0%| F|  |TAMS 0x0000000709e00000, 0x0000000709e00000| Untracked 
|  72|0x000000070a000000, 0x000000070a000000, 0x000000070a200000|  0%| F|  |TAMS 0x000000070a000000, 0x000000070a000000| Untracked 
|  73|0x000000070a200000, 0x000000070a200000, 0x000000070a400000|  0%| F|  |TAMS 0x000000070a200000, 0x000000070a200000| Untracked 
|  74|0x000000070a400000, 0x000000070a400000, 0x000000070a600000|  0%| F|  |TAMS 0x000000070a400000, 0x000000070a400000| Untracked 
|  75|0x000000070a600000, 0x000000070a600000, 0x000000070a800000|  0%| F|  |TAMS 0x000000070a600000, 0x000000070a600000| Untracked 
|  76|0x000000070a800000, 0x000000070a800000, 0x000000070aa00000|  0%| F|  |TAMS 0x000000070a800000, 0x000000070a800000| Untracked 
|  77|0x000000070aa00000, 0x000000070aa00000, 0x000000070ac00000|  0%| F|  |TAMS 0x000000070aa00000, 0x000000070aa00000| Untracked 
|  78|0x000000070ac00000, 0x000000070ac00000, 0x000000070ae00000|  0%| F|  |TAMS 0x000000070ac00000, 0x000000070ac00000| Untracked 
|  79|0x000000070ae00000, 0x000000070ae00000, 0x000000070b000000|  0%| F|  |TAMS 0x000000070ae00000, 0x000000070ae00000| Untracked 
|  80|0x000000070b000000, 0x000000070b000000, 0x000000070b200000|  0%| F|  |TAMS 0x000000070b000000, 0x000000070b000000| Untracked 
|  81|0x000000070b200000, 0x000000070b200000, 0x000000070b400000|  0%| F|  |TAMS 0x000000070b200000, 0x000000070b200000| Untracked 
|  82|0x000000070b400000, 0x000000070b400000, 0x000000070b600000|  0%| F|  |TAMS 0x000000070b400000, 0x000000070b400000| Untracked 
|  83|0x000000070b600000, 0x000000070b600000, 0x000000070b800000|  0%| F|  |TAMS 0x000000070b600000, 0x000000070b600000| Untracked 
|  84|0x000000070b800000, 0x000000070b800000, 0x000000070ba00000|  0%| F|  |TAMS 0x000000070b800000, 0x000000070b800000| Untracked 
|  85|0x000000070ba00000, 0x000000070ba00000, 0x000000070bc00000|  0%| F|  |TAMS 0x000000070ba00000, 0x000000070ba00000| Untracked 
|  86|0x000000070bc00000, 0x000000070bc00000, 0x000000070be00000|  0%| F|  |TAMS 0x000000070bc00000, 0x000000070bc00000| Untracked 
|  87|0x000000070be00000, 0x000000070be00000, 0x000000070c000000|  0%| F|  |TAMS 0x000000070be00000, 0x000000070be00000| Untracked 
|  88|0x000000070c000000, 0x000000070c000000, 0x000000070c200000|  0%| F|  |TAMS 0x000000070c000000, 0x000000070c000000| Untracked 
|  89|0x000000070c200000, 0x000000070c200000, 0x000000070c400000|  0%| F|  |TAMS 0x000000070c200000, 0x000000070c200000| Untracked 
|  90|0x000000070c400000, 0x000000070c400000, 0x000000070c600000|  0%| F|  |TAMS 0x000000070c400000, 0x000000070c400000| Untracked 
|  91|0x000000070c600000, 0x000000070c600000, 0x000000070c800000|  0%| F|  |TAMS 0x000000070c600000, 0x000000070c600000| Untracked 
|  92|0x000000070c800000, 0x000000070c800000, 0x000000070ca00000|  0%| F|  |TAMS 0x000000070c800000, 0x000000070c800000| Untracked 
|  93|0x000000070ca00000, 0x000000070ca00000, 0x000000070cc00000|  0%| F|  |TAMS 0x000000070ca00000, 0x000000070ca00000| Untracked 
|  94|0x000000070cc00000, 0x000000070cc00000, 0x000000070ce00000|  0%| F|  |TAMS 0x000000070cc00000, 0x000000070cc00000| Untracked 
|  95|0x000000070ce00000, 0x000000070ce00000, 0x000000070d000000|  0%| F|  |TAMS 0x000000070ce00000, 0x000000070ce00000| Untracked 
|  96|0x000000070d000000, 0x000000070d000000, 0x000000070d200000|  0%| F|  |TAMS 0x000000070d000000, 0x000000070d000000| Untracked 
|  97|0x000000070d200000, 0x000000070d200000, 0x000000070d400000|  0%| F|  |TAMS 0x000000070d200000, 0x000000070d200000| Untracked 
|  98|0x000000070d400000, 0x000000070d400000, 0x000000070d600000|  0%| F|  |TAMS 0x000000070d400000, 0x000000070d400000| Untracked 
|  99|0x000000070d600000, 0x000000070d600000, 0x000000070d800000|  0%| F|  |TAMS 0x000000070d600000, 0x000000070d600000| Untracked 
| 100|0x000000070d800000, 0x000000070d800000, 0x000000070da00000|  0%| F|  |TAMS 0x000000070d800000, 0x000000070d800000| Untracked 
| 101|0x000000070da00000, 0x000000070da00000, 0x000000070dc00000|  0%| F|  |TAMS 0x000000070da00000, 0x000000070da00000| Untracked 
| 102|0x000000070dc00000, 0x000000070dc00000, 0x000000070de00000|  0%| F|  |TAMS 0x000000070dc00000, 0x000000070dc00000| Untracked 
| 103|0x000000070de00000, 0x000000070de00000, 0x000000070e000000|  0%| F|  |TAMS 0x000000070de00000, 0x000000070de00000| Untracked 
| 104|0x000000070e000000, 0x000000070e000000, 0x000000070e200000|  0%| F|  |TAMS 0x000000070e000000, 0x000000070e000000| Untracked 
| 105|0x000000070e200000, 0x000000070e200000, 0x000000070e400000|  0%| F|  |TAMS 0x000000070e200000, 0x000000070e200000| Untracked 
| 106|0x000000070e400000, 0x000000070e400000, 0x000000070e600000|  0%| F|  |TAMS 0x000000070e400000, 0x000000070e400000| Untracked 
| 107|0x000000070e600000, 0x000000070e600000, 0x000000070e800000|  0%| F|  |TAMS 0x000000070e600000, 0x000000070e600000| Untracked 
| 108|0x000000070e800000, 0x000000070e800000, 0x000000070ea00000|  0%| F|  |TAMS 0x000000070e800000, 0x000000070e800000| Untracked 
| 109|0x000000070ea00000, 0x000000070ea00000, 0x000000070ec00000|  0%| F|  |TAMS 0x000000070ea00000, 0x000000070ea00000| Untracked 
| 110|0x000000070ec00000, 0x000000070ec00000, 0x000000070ee00000|  0%| F|  |TAMS 0x000000070ec00000, 0x000000070ec00000| Untracked 
| 111|0x000000070ee00000, 0x000000070ee00000, 0x000000070f000000|  0%| F|  |TAMS 0x000000070ee00000, 0x000000070ee00000| Untracked 
| 112|0x000000070f000000, 0x000000070f000000, 0x000000070f200000|  0%| F|  |TAMS 0x000000070f000000, 0x000000070f000000| Untracked 
| 113|0x000000070f200000, 0x000000070f221030, 0x000000070f400000|  6%| S|CS|TAMS 0x000000070f200000, 0x000000070f200000| Complete 
| 114|0x000000070f400000, 0x000000070f600000, 0x000000070f600000|100%| S|CS|TAMS 0x000000070f400000, 0x000000070f400000| Complete 
| 115|0x000000070f600000, 0x000000070f600000, 0x000000070f800000|  0%| F|  |TAMS 0x000000070f600000, 0x000000070f600000| Untracked 
| 116|0x000000070f800000, 0x000000070f800000, 0x000000070fa00000|  0%| F|  |TAMS 0x000000070f800000, 0x000000070f800000| Untracked 
| 117|0x000000070fa00000, 0x000000070fa00000, 0x000000070fc00000|  0%| F|  |TAMS 0x000000070fa00000, 0x000000070fa00000| Untracked 
| 118|0x000000070fc00000, 0x000000070fc00000, 0x000000070fe00000|  0%| F|  |TAMS 0x000000070fc00000, 0x000000070fc00000| Untracked 
| 119|0x000000070fe00000, 0x000000070fe00000, 0x0000000710000000|  0%| F|  |TAMS 0x000000070fe00000, 0x000000070fe00000| Untracked 
| 120|0x0000000710000000, 0x0000000710000000, 0x0000000710200000|  0%| F|  |TAMS 0x0000000710000000, 0x0000000710000000| Untracked 
| 121|0x0000000710200000, 0x0000000710200000, 0x0000000710400000|  0%| F|  |TAMS 0x0000000710200000, 0x0000000710200000| Untracked 
| 122|0x0000000710400000, 0x000000071048cb78, 0x0000000710600000| 27%| E|  |TAMS 0x0000000710400000, 0x0000000710400000| Complete 
| 123|0x0000000710600000, 0x0000000710800000, 0x0000000710800000|100%| E|CS|TAMS 0x0000000710600000, 0x0000000710600000| Complete 
| 124|0x0000000710800000, 0x0000000710a00000, 0x0000000710a00000|100%| E|CS|TAMS 0x0000000710800000, 0x0000000710800000| Complete 
| 125|0x0000000710a00000, 0x0000000710c00000, 0x0000000710c00000|100%| E|CS|TAMS 0x0000000710a00000, 0x0000000710a00000| Complete 
| 126|0x0000000710c00000, 0x0000000710e00000, 0x0000000710e00000|100%| E|CS|TAMS 0x0000000710c00000, 0x0000000710c00000| Complete 
| 127|0x0000000710e00000, 0x0000000711000000, 0x0000000711000000|100%| E|CS|TAMS 0x0000000710e00000, 0x0000000710e00000| Complete 

Card table byte_map: [0x0000022ede5b0000,0x0000022ededb0000] _byte_map_base: 0x0000022edada8000

Marking Bits (Prev, Next): (CMBitMap*) 0x0000022ec98fff70, (CMBitMap*) 0x0000022ec98fffb0
 Prev Bits: [0x0000022edf5b0000, 0x0000022ee3570000)
 Next Bits: [0x0000022ee3570000, 0x0000022ee7530000)

Polling page: 0x0000022ec7850000

Metaspace:

Usage:
  Non-class:     13.57 MB used.
      Class:      1.87 MB used.
       Both:     15.44 MB used.

Virtual space:
  Non-class space:       64.00 MB reserved,      13.69 MB ( 21%) committed,  1 nodes.
      Class space:        1.00 GB reserved,       2.00 MB ( <1%) committed,  1 nodes.
             Both:        1.06 GB reserved,      15.69 MB (  1%) committed. 

Chunk freelists:
   Non-Class:  2.12 MB
       Class:  14.00 MB
        Both:  16.12 MB

MaxMetaspaceSize: unlimited
CompressedClassSpaceSize: 1.00 GB
Initial GC threshold: 21.00 MB
Current GC threshold: 21.00 MB
CDS: on
MetaspaceReclaimPolicy: balanced
 - commit_granule_bytes: 65536.
 - commit_granule_words: 8192.
 - virtual_space_node_default_size: 8388608.
 - enlarge_chunks_in_place: 1.
 - new_chunks_are_fully_committed: 0.
 - uncommit_free_chunks: 1.
 - use_allocation_guard: 0.
 - handle_deallocations: 1.


Internal statistics:

num_allocs_failed_limit: 0.
num_arena_births: 122.
num_arena_deaths: 0.
num_vsnodes_births: 2.
num_vsnodes_deaths: 0.
num_space_committed: 251.
num_space_uncommitted: 0.
num_chunks_returned_to_freelist: 0.
num_chunks_taken_from_freelist: 565.
num_chunk_merges: 0.
num_chunk_splits: 379.
num_chunks_enlarged: 299.
num_inconsistent_stats: 0.

CodeHeap 'non-profiled nmethods': size=120000Kb used=803Kb max_used=803Kb free=119196Kb
 bounds [0x0000022ed6330000, 0x0000022ed65a0000, 0x0000022edd860000]
CodeHeap 'profiled nmethods': size=120000Kb used=3872Kb max_used=3872Kb free=116127Kb
 bounds [0x0000022ece860000, 0x0000022ecec30000, 0x0000022ed5d90000]
CodeHeap 'non-nmethods': size=5760Kb used=1199Kb max_used=1238Kb free=4560Kb
 bounds [0x0000022ed5d90000, 0x0000022ed6000000, 0x0000022ed6330000]
 total_blobs=2556 nmethods=2063 adapters=405
 compilation: enabled
              stopped_count=0, restarted_count=0
 full_count=0

Compilation events (20 events):
Event: 0.892 Thread 0x0000022eea2f1aa0 nmethod 1962 0x0000022ecebf7f10 code [0x0000022ecebf8120, 0x0000022ecebf8708]
Event: 0.892 Thread 0x0000022eea2f1aa0 1963       3       java.lang.invoke.LambdaForm$NamedFunction::returnType (11 bytes)
Event: 0.892 Thread 0x0000022eea2f1aa0 nmethod 1963 0x0000022ecebf8a10 code [0x0000022ecebf8c00, 0x0000022ecebf9088]
Event: 0.892 Thread 0x0000022eea2f1aa0 1964       3       java.util.concurrent.CopyOnWriteArrayList::elementAt (4 bytes)
Event: 0.892 Thread 0x0000022eea2f1aa0 nmethod 1964 0x0000022ecebf9290 code [0x0000022ecebf9420, 0x0000022ecebf9538]
Event: 0.900 Thread 0x0000022eea4ca0f0 nmethod 1944 0x0000022ed63ef910 code [0x0000022ed63efae0, 0x0000022ed63f0af8]
Event: 0.900 Thread 0x0000022eea2f1aa0 1965       1       java.security.Provider$Service::getClassName (5 bytes)
Event: 0.900 Thread 0x0000022eea2f1aa0 nmethod 1965 0x0000022ed63f1290 code [0x0000022ed63f1420, 0x0000022ed63f14f8]
Event: 0.901 Thread 0x0000022eea2f1aa0 1966       3       java.lang.Class::arrayContentsEq (70 bytes)
Event: 0.901 Thread 0x0000022eea2f1aa0 nmethod 1966 0x0000022ecebf9610 code [0x0000022ecebf97e0, 0x0000022ecebf9c58]
Event: 0.902 Thread 0x0000022eea4ca0f0 1967       4       java.util.AbstractList::<init> (10 bytes)
Event: 0.902 Thread 0x0000022eea2f1aa0 1968   !   3       java.util.concurrent.ConcurrentHashMap::transfer (850 bytes)
Event: 0.902 Thread 0x0000022eea4ca0f0 nmethod 1967 0x0000022ed63f1590 code [0x0000022ed63f1700, 0x0000022ed63f1778]
Event: 0.903 Thread 0x0000022eea2f1aa0 nmethod 1968 0x0000022ecebf9d90 code [0x0000022ecebfa1e0, 0x0000022ecebfca38]
Event: 0.903 Thread 0x0000022eea2f1aa0 1969       3       java.security.Provider::checkInitialized (16 bytes)
Event: 0.904 Thread 0x0000022eea2f1aa0 nmethod 1969 0x0000022ecebfe210 code [0x0000022ecebfe3c0, 0x0000022ecebfe5c8]
Event: 0.904 Thread 0x0000022eea2f1aa0 1970       3       java.lang.invoke.MemberName::isMethod (7 bytes)
Event: 0.904 Thread 0x0000022eea2f1aa0 nmethod 1970 0x0000022ecebfe690 code [0x0000022ecebfe840, 0x0000022ecebfea78]
Event: 0.905 Thread 0x0000022eea2f14d0 1971       4       java.lang.Character::digit (6 bytes)
Event: 0.906 Thread 0x0000022eea2f14d0 nmethod 1971 0x0000022ed63f1890 code [0x0000022ed63f1a20, 0x0000022ed63f1b58]

GC Heap History (4 events):
Event: 0.529 GC heap before
{Heap before GC invocations=0 (full 0):
 garbage-first heap   total 262144K, used 22528K [0x0000000701000000, 0x0000000800000000)
  region size 2048K, 11 young (22528K), 0 survivors (0K)
 Metaspace       used 8235K, committed 8448K, reserved 1114112K
  class space    used 994K, committed 1088K, reserved 1048576K
}
Event: 0.533 GC heap after
{Heap after GC invocations=1 (full 0):
 garbage-first heap   total 262144K, used 5954K [0x0000000701000000, 0x0000000800000000)
  region size 2048K, 2 young (4096K), 2 survivors (4096K)
 Metaspace       used 8235K, committed 8448K, reserved 1114112K
  class space    used 994K, committed 1088K, reserved 1048576K
}
Event: 0.798 GC heap before
{Heap before GC invocations=1 (full 0):
 garbage-first heap   total 262144K, used 26434K [0x0000000701000000, 0x0000000800000000)
  region size 2048K, 13 young (26624K), 2 survivors (4096K)
 Metaspace       used 13790K, committed 14016K, reserved 1114112K
  class space    used 1675K, committed 1792K, reserved 1048576K
}
Event: 0.801 GC heap after
{Heap after GC invocations=2 (full 0):
 garbage-first heap   total 262144K, used 8255K [0x0000000701000000, 0x0000000800000000)
  region size 2048K, 2 young (4096K), 2 survivors (4096K)
 Metaspace       used 13790K, committed 14016K, reserved 1114112K
  class space    used 1675K, committed 1792K, reserved 1048576K
}

Dll operation events (8 events):
Event: 0.004 Loaded shared library C:\USERS\0109-11\APPDATA\LOCAL\MICROSOFT\VISUALSTUDIO\17.0_4A6E679B\EXTENSIONS\WAJFOICH.NG5\Sloop\jre\bin\java.dll
Event: 0.023 Loaded shared library C:\USERS\0109-11\APPDATA\LOCAL\MICROSOFT\VISUALSTUDIO\17.0_4A6E679B\EXTENSIONS\WAJFOICH.NG5\Sloop\jre\bin\jsvml.dll
Event: 0.083 Loaded shared library C:\Users\0109-11\AppData\Local\Microsoft\VisualStudio\17.0_4a6e679b\Extensions\wajfoich.ng5\Sloop\jre\bin\net.dll
Event: 0.084 Loaded shared library C:\Users\0109-11\AppData\Local\Microsoft\VisualStudio\17.0_4a6e679b\Extensions\wajfoich.ng5\Sloop\jre\bin\nio.dll
Event: 0.087 Loaded shared library C:\Users\0109-11\AppData\Local\Microsoft\VisualStudio\17.0_4a6e679b\Extensions\wajfoich.ng5\Sloop\jre\bin\zip.dll
Event: 0.124 Loaded shared library C:\USERS\0109-11\APPDATA\LOCAL\MICROSOFT\VISUALSTUDIO\17.0_4A6E679B\EXTENSIONS\WAJFOICH.NG5\Sloop\jre\bin\verify.dll
Event: 0.170 Loaded shared library C:\Users\0109-11\AppData\Local\Microsoft\VisualStudio\17.0_4a6e679b\Extensions\wajfoich.ng5\Sloop\jre\bin\jimage.dll
Event: 0.899 Loaded shared library C:\Users\0109-11\AppData\Local\Microsoft\VisualStudio\17.0_4a6e679b\Extensions\wajfoich.ng5\Sloop\jre\bin\sunmscapi.dll

Deoptimization events (20 events):
Event: 0.856 Thread 0x0000022eefc6dac0 Uncommon trap: trap_request=0xffffffde fr.pc=0x0000022ed63dd234 relative=0x0000000000000574
Event: 0.856 Thread 0x0000022eefc6dac0 Uncommon trap: reason=class_check action=maybe_recompile pc=0x0000022ed63dd234 method=java.lang.String.equals(Ljava/lang/Object;)Z @ 8 c2
Event: 0.856 Thread 0x0000022eefc6dac0 DEOPT PACKING pc=0x0000022ed63dd234 sp=0x0000009c6c5fdc00
Event: 0.856 Thread 0x0000022eefc6dac0 DEOPT UNPACKING pc=0x0000022ed5de69a3 sp=0x0000009c6c5fdb40 mode 2
Event: 0.856 Thread 0x0000022eefc6dac0 Uncommon trap: trap_request=0xffffffde fr.pc=0x0000022ed63dd234 relative=0x0000000000000574
Event: 0.856 Thread 0x0000022eefc6dac0 Uncommon trap: reason=class_check action=maybe_recompile pc=0x0000022ed63dd234 method=java.lang.String.equals(Ljava/lang/Object;)Z @ 8 c2
Event: 0.856 Thread 0x0000022eefc6dac0 DEOPT PACKING pc=0x0000022ed63dd234 sp=0x0000009c6c5fdc00
Event: 0.856 Thread 0x0000022eefc6dac0 DEOPT UNPACKING pc=0x0000022ed5de69a3 sp=0x0000009c6c5fdb40 mode 2
Event: 0.856 Thread 0x0000022eefc6dac0 Uncommon trap: trap_request=0xffffffde fr.pc=0x0000022ed63dd234 relative=0x0000000000000574
Event: 0.856 Thread 0x0000022eefc6dac0 Uncommon trap: reason=class_check action=maybe_recompile pc=0x0000022ed63dd234 method=java.lang.String.equals(Ljava/lang/Object;)Z @ 8 c2
Event: 0.856 Thread 0x0000022eefc6dac0 DEOPT PACKING pc=0x0000022ed63dd234 sp=0x0000009c6c5fdc00
Event: 0.856 Thread 0x0000022eefc6dac0 DEOPT UNPACKING pc=0x0000022ed5de69a3 sp=0x0000009c6c5fdb40 mode 2
Event: 0.856 Thread 0x0000022eefc6dac0 Uncommon trap: trap_request=0xffffffde fr.pc=0x0000022ed635152c relative=0x00000000000001ac
Event: 0.856 Thread 0x0000022eefc6dac0 Uncommon trap: reason=class_check action=maybe_recompile pc=0x0000022ed635152c method=java.lang.String.equals(Ljava/lang/Object;)Z @ 8 c2
Event: 0.856 Thread 0x0000022eefc6dac0 DEOPT PACKING pc=0x0000022ed635152c sp=0x0000009c6c5fdb90
Event: 0.856 Thread 0x0000022eefc6dac0 DEOPT UNPACKING pc=0x0000022ed5de69a3 sp=0x0000009c6c5fdb38 mode 2
Event: 0.891 Thread 0x0000022eefc6dac0 Uncommon trap: trap_request=0xffffff45 fr.pc=0x0000022ed633a1c0 relative=0x0000000000000040
Event: 0.891 Thread 0x0000022eefc6dac0 Uncommon trap: reason=unstable_if action=reinterpret pc=0x0000022ed633a1c0 method=sun.nio.fs.WindowsPathParser.isSlash(C)Z @ 9 c2
Event: 0.891 Thread 0x0000022eefc6dac0 DEOPT PACKING pc=0x0000022ed633a1c0 sp=0x0000009c6c5fcc50
Event: 0.891 Thread 0x0000022eefc6dac0 DEOPT UNPACKING pc=0x0000022ed5de69a3 sp=0x0000009c6c5fcbd8 mode 2

Classes unloaded (0 events):
No events

Classes redefined (0 events):
No events

Internal exceptions (16 events):
Event: 0.341 Thread 0x0000022ec9891d50 Exception <a 'java/lang/ClassNotFoundException'{0x00000007105ff068}: javax/smartcardio/CardPermission> (0x00000007105ff068) 
thrown [s\src\hotspot\share\classfile\systemDictionary.cpp, line 256]
Event: 0.343 Thread 0x0000022ec9891d50 Exception <a 'java/io/FileNotFoundException'{0x000000071020dc68}> (0x000000071020dc68) 
thrown [s\src\hotspot\share\prims\jni.cpp, line 516]
Event: 0.438 Thread 0x0000022ec9891d50 Exception <a 'java/lang/NoSuchMethodError'{0x00000007101ed3f0}: 'void java.lang.invoke.DirectMethodHandle$Holder.invokeStatic(java.lang.Object, java.lang.Object, java.lang.Object)'> (0x00000007101ed3f0) 
thrown [s\src\hotspot\share\interpreter\linkResolver.cpp, line 759]
Event: 0.458 Thread 0x0000022ec9891d50 Exception <a 'java/lang/NoSuchMethodError'{0x000000070fec8f38}: 'void java.lang.invoke.DirectMethodHandle$Holder.invokeStatic(java.lang.Object, java.lang.Object, java.lang.Object, java.lang.Object)'> (0x000000070fec8f38) 
thrown [s\src\hotspot\share\interpreter\linkResolver.cpp, line 759]
Event: 0.520 Thread 0x0000022ec9891d50 Exception <a 'java/lang/NoSuchMethodError'{0x000000070fabbe60}: 'java.lang.Object java.lang.invoke.DirectMethodHandle$Holder.newInvokeSpecial(java.lang.Object, java.lang.Object, java.lang.Object, java.lang.Object, java.lang.Object)'> (0x000000070fabbe60) 
thrown [s\src\hotspot\share\interpreter\linkResolver.cpp, line 759]
Event: 0.538 Thread 0x0000022ec9891d50 Exception <a 'java/lang/NoSuchMethodError'{0x0000000710e334c8}: 'void java.lang.invoke.DirectMethodHandle$Holder.invokeSpecial(java.lang.Object, java.lang.Object, java.lang.Object)'> (0x0000000710e334c8) 
thrown [s\src\hotspot\share\interpreter\linkResolver.cpp, line 759]
Event: 0.554 Thread 0x0000022eeab9fe10 Exception <a 'java/lang/NoSuchMethodError'{0x0000000710fa9c08}: 'int java.lang.invoke.DirectMethodHandle$Holder.invokeVirtual(java.lang.Object, java.lang.Object)'> (0x0000000710fa9c08) 
thrown [s\src\hotspot\share\interpreter\linkResolver.cpp, line 759]
Event: 0.554 Thread 0x0000022ec9891d50 Exception <a 'java/lang/NoSuchMethodError'{0x0000000710f75848}: 'org.slf4j.impl.StaticMDCBinder org.slf4j.impl.StaticMDCBinder.getSingleton()'> (0x0000000710f75848) 
thrown [s\src\hotspot\share\interpreter\linkResolver.cpp, line 759]
Event: 0.555 Thread 0x0000022eeab9fe10 Exception <a 'java/lang/NoSuchMethodError'{0x0000000710fb8840}: 'java.lang.Object java.lang.invoke.DirectMethodHandle$Holder.newInvokeSpecial(java.lang.Object, java.lang.Object, java.lang.Object, int, int)'> (0x0000000710fb8840) 
thrown [s\src\hotspot\share\interpreter\linkResolver.cpp, line 759]
Event: 0.556 Thread 0x0000022ec9891d50 Exception <a 'java/lang/NoSuchMethodError'{0x0000000710fd2890}: 'void java.lang.invoke.DirectMethodHandle$Holder.invokeStatic(java.lang.Object, java.lang.Object)'> (0x0000000710fd2890) 
thrown [s\src\hotspot\share\interpreter\linkResolver.cpp, line 759]
Event: 0.570 Thread 0x0000022eefc6fba0 Exception <a 'java/lang/NoSuchMethodError'{0x0000000710f9c538}: 'void java.lang.invoke.DirectMethodHandle$Holder.invokeVirtual(java.lang.Object, java.lang.Object)'> (0x0000000710f9c538) 
thrown [s\src\hotspot\share\interpreter\linkResolver.cpp, line 759]
Event: 0.649 Thread 0x0000022eefc6dac0 Exception <a 'java/lang/NoSuchMethodError'{0x0000000710515110}: 'int java.lang.invoke.DirectMethodHandle$Holder.invokeStaticInit(java.lang.Object, java.lang.Object, java.lang.Object)'> (0x0000000710515110) 
thrown [s\src\hotspot\share\interpreter\linkResolver.cpp, line 759]
Event: 0.650 Thread 0x0000022eefc6dac0 Exception <a 'java/lang/NoSuchMethodError'{0x00000007105327e8}: 'int java.lang.invoke.DirectMethodHandle$Holder.invokeStaticInit(java.lang.Object, java.lang.Object)'> (0x00000007105327e8) 
thrown [s\src\hotspot\share\interpreter\linkResolver.cpp, line 759]
Event: 0.664 Thread 0x0000022eefc6dac0 Exception <a 'java/lang/NoSuchMethodError'{0x000000071022e9e8}: 'int java.lang.invoke.DirectMethodHandle$Holder.invokeInterface(java.lang.Object, java.lang.Object)'> (0x000000071022e9e8) 
thrown [s\src\hotspot\share\interpreter\linkResolver.cpp, line 759]
Event: 0.782 Thread 0x0000022eefc6dac0 Exception <a 'java/lang/NoSuchMethodError'{0x000000070fb169c0}: 'void java.lang.invoke.DirectMethodHandle$Holder.invokeSpecial(java.lang.Object, java.lang.Object, java.lang.Object, java.lang.Object, java.lang.Object)'> (0x000000070fb169c0) 
thrown [s\src\hotspot\share\interpreter\linkResolver.cpp, line 759]
Event: 0.886 Thread 0x0000022eefc6dac0 Exception <a 'sun/nio/fs/WindowsException'{0x0000000710b558a8}> (0x0000000710b558a8) 
thrown [s\src\hotspot\share\prims\jni.cpp, line 516]

VM Operations (20 events):
Event: 0.429 Executing VM operation: HandshakeAllThreads
Event: 0.429 Executing VM operation: HandshakeAllThreads done
Event: 0.432 Executing VM operation: HandshakeAllThreads
Event: 0.432 Executing VM operation: HandshakeAllThreads done
Event: 0.433 Executing VM operation: HandshakeAllThreads
Event: 0.433 Executing VM operation: HandshakeAllThreads done
Event: 0.529 Executing VM operation: G1CollectForAllocation
Event: 0.533 Executing VM operation: G1CollectForAllocation done
Event: 0.579 Executing VM operation: HandshakeAllThreads
Event: 0.579 Executing VM operation: HandshakeAllThreads done
Event: 0.663 Executing VM operation: HandshakeAllThreads
Event: 0.663 Executing VM operation: HandshakeAllThreads done
Event: 0.699 Executing VM operation: HandshakeAllThreads
Event: 0.699 Executing VM operation: HandshakeAllThreads done
Event: 0.767 Executing VM operation: HandshakeAllThreads
Event: 0.767 Executing VM operation: HandshakeAllThreads done
Event: 0.774 Executing VM operation: HandshakeAllThreads
Event: 0.774 Executing VM operation: HandshakeAllThreads done
Event: 0.798 Executing VM operation: G1CollectForAllocation
Event: 0.801 Executing VM operation: G1CollectForAllocation done

Events (20 events):
Event: 0.904 loading class sun/security/util/KeyStoreDelegator
Event: 0.904 loading class sun/security/util/KeyStoreDelegator done
Event: 0.904 loading class sun/security/pkcs12/PKCS12KeyStore$DualFormatPKCS12 done
Event: 0.904 loading class sun/security/pkcs12/PKCS12KeyStore
Event: 0.904 loading class sun/security/pkcs12/PKCS12KeyStore done
Event: 0.904 loading class sun/security/provider/JavaKeyStore$JKS
Event: 0.904 loading class sun/security/provider/JavaKeyStore
Event: 0.904 loading class sun/security/provider/JavaKeyStore done
Event: 0.904 loading class sun/security/provider/JavaKeyStore$JKS done
Event: 0.905 loading class sun/security/action/OpenFileInputStreamAction
Event: 0.905 loading class sun/security/action/OpenFileInputStreamAction done
Event: 0.905 loading class sun/security/provider/JavaKeyStore$TrustedCertEntry
Event: 0.905 loading class sun/security/provider/JavaKeyStore$TrustedCertEntry done
Event: 0.906 loading class jdk/internal/logger/LazyLoggers
Event: 0.906 loading class jdk/internal/logger/LazyLoggers done
Event: 0.906 loading class jdk/internal/logger/LazyLoggers$1
Event: 0.906 loading class jdk/internal/logger/LazyLoggers$1 done
Event: 0.906 loading class jdk/internal/logger/LazyLoggers$LazyLoggerFactories
Event: 0.906 loading class jdk/internal/logger/LazyLoggers$LazyLoggerFactories done
Event: 0.906 loading class jdk/internal/logger/LoggerFinderLoader


Dynamic libraries:
0x00007ff6187c0000 - 0x00007ff6187ce000 	C:\USERS\0109-11\APPDATA\LOCAL\MICROSOFT\VISUALSTUDIO\17.0_4A6E679B\EXTENSIONS\WAJFOICH.NG5\Sloop\jre\bin\java.exe
0x00007ff8502d0000 - 0x00007ff8504c8000 	C:\Windows\SYSTEM32\ntdll.dll
0x00007ff84e3b0000 - 0x00007ff84e472000 	C:\Windows\System32\KERNEL32.DLL
0x00007ff84d970000 - 0x00007ff84dc6e000 	C:\Windows\System32\KERNELBASE.dll
0x00007ff84dea0000 - 0x00007ff84dfa0000 	C:\Windows\System32\ucrtbase.dll
0x00007ff831ef0000 - 0x00007ff831f07000 	C:\USERS\0109-11\APPDATA\LOCAL\MICROSOFT\VISUALSTUDIO\17.0_4A6E679B\EXTENSIONS\WAJFOICH.NG5\Sloop\jre\bin\jli.dll
0x00007ff832930000 - 0x00007ff83294b000 	C:\USERS\0109-11\APPDATA\LOCAL\MICROSOFT\VISUALSTUDIO\17.0_4A6E679B\EXTENSIONS\WAJFOICH.NG5\Sloop\jre\bin\VCRUNTIME140.dll
0x00007ff84ecb0000 - 0x00007ff84ee4d000 	C:\Windows\System32\USER32.dll
0x00007ff84dc70000 - 0x00007ff84dc92000 	C:\Windows\System32\win32u.dll
0x00007ff835690000 - 0x00007ff83592a000 	C:\Windows\WinSxS\amd64_microsoft.windows.common-controls_6595b64144ccf1df_6.0.19041.4355_none_60b8b9eb71f62e16\COMCTL32.dll
0x00007ff84f940000 - 0x00007ff84f96b000 	C:\Windows\System32\GDI32.dll
0x00007ff84eb60000 - 0x00007ff84ebfe000 	C:\Windows\System32\msvcrt.dll
0x00007ff84dd50000 - 0x00007ff84de67000 	C:\Windows\System32\gdi32full.dll
0x00007ff84e080000 - 0x00007ff84e11d000 	C:\Windows\System32\msvcp_win.dll
0x00007ff850260000 - 0x00007ff85028f000 	C:\Windows\System32\IMM32.DLL
0x00007ff836ad0000 - 0x00007ff836adc000 	C:\USERS\0109-11\APPDATA\LOCAL\MICROSOFT\VISUALSTUDIO\17.0_4A6E679B\EXTENSIONS\WAJFOICH.NG5\Sloop\jre\bin\vcruntime140_1.dll
0x00007ff816c50000 - 0x00007ff816cdd000 	C:\USERS\0109-11\APPDATA\LOCAL\MICROSOFT\VISUALSTUDIO\17.0_4A6E679B\EXTENSIONS\WAJFOICH.NG5\Sloop\jre\bin\msvcp140.dll
0x00007fff8c0e0000 - 0x00007fff8cd41000 	C:\USERS\0109-11\APPDATA\LOCAL\MICROSOFT\VISUALSTUDIO\17.0_4A6E679B\EXTENSIONS\WAJFOICH.NG5\Sloop\jre\bin\server\jvm.dll
0x00007ff84e4f0000 - 0x00007ff84e5a1000 	C:\Windows\System32\ADVAPI32.dll
0x00007ff84e2f0000 - 0x00007ff84e38f000 	C:\Windows\System32\sechost.dll
0x00007ff84ea30000 - 0x00007ff84eb53000 	C:\Windows\System32\RPCRT4.dll
0x00007ff84de70000 - 0x00007ff84de97000 	C:\Windows\System32\bcrypt.dll
0x00007ff84ceb0000 - 0x00007ff84cefb000 	C:\Windows\SYSTEM32\POWRPROF.dll
0x00007ff842550000 - 0x00007ff842577000 	C:\Windows\SYSTEM32\WINMM.dll
0x00007ff849470000 - 0x00007ff84947a000 	C:\Windows\SYSTEM32\VERSION.dll
0x00007ff82ca10000 - 0x00007ff82ca19000 	C:\Windows\SYSTEM32\WSOCK32.dll
0x00007ff84e480000 - 0x00007ff84e4eb000 	C:\Windows\System32\WS2_32.dll
0x00007ff84cd70000 - 0x00007ff84cd82000 	C:\Windows\SYSTEM32\UMPDC.dll
0x00007ff84b630000 - 0x00007ff84b642000 	C:\Windows\SYSTEM32\kernel.appcore.dll
0x00007ff831ee0000 - 0x00007ff831eea000 	C:\USERS\0109-11\APPDATA\LOCAL\MICROSOFT\VISUALSTUDIO\17.0_4A6E679B\EXTENSIONS\WAJFOICH.NG5\Sloop\jre\bin\jimage.dll
0x00007ff8485f0000 - 0x00007ff8487d4000 	C:\Windows\SYSTEM32\DBGHELP.DLL
0x00007ff8378f0000 - 0x00007ff837924000 	C:\Windows\SYSTEM32\dbgcore.DLL
0x00007ff84dfa0000 - 0x00007ff84e022000 	C:\Windows\System32\bcryptPrimitives.dll
0x00007ff831580000 - 0x00007ff8315a5000 	C:\USERS\0109-11\APPDATA\LOCAL\MICROSOFT\VISUALSTUDIO\17.0_4A6E679B\EXTENSIONS\WAJFOICH.NG5\Sloop\jre\bin\java.dll
0x00007fffa3930000 - 0x00007fffa3a07000 	C:\USERS\0109-11\APPDATA\LOCAL\MICROSOFT\VISUALSTUDIO\17.0_4A6E679B\EXTENSIONS\WAJFOICH.NG5\Sloop\jre\bin\jsvml.dll
0x00007ff84f970000 - 0x00007ff8500dd000 	C:\Windows\System32\SHELL32.dll
0x00007ff84b830000 - 0x00007ff84bfd4000 	C:\Windows\SYSTEM32\windows.storage.dll
0x00007ff84e6d0000 - 0x00007ff84ea23000 	C:\Windows\System32\combase.dll
0x00007ff84d3a0000 - 0x00007ff84d3ce000 	C:\Windows\SYSTEM32\Wldp.dll
0x00007ff84ee50000 - 0x00007ff84ef1d000 	C:\Windows\System32\OLEAUT32.dll
0x00007ff84e5b0000 - 0x00007ff84e65d000 	C:\Windows\System32\SHCORE.dll
0x00007ff84f3c0000 - 0x00007ff84f415000 	C:\Windows\System32\shlwapi.dll
0x00007ff84d8a0000 - 0x00007ff84d8c4000 	C:\Windows\SYSTEM32\profapi.dll
0x00007ff831560000 - 0x00007ff831579000 	C:\Users\0109-11\AppData\Local\Microsoft\VisualStudio\17.0_4a6e679b\Extensions\wajfoich.ng5\Sloop\jre\bin\net.dll
0x00007ff848b70000 - 0x00007ff848c7d000 	C:\Windows\SYSTEM32\WINHTTP.dll
0x00007ff84d100000 - 0x00007ff84d16a000 	C:\Windows\system32\mswsock.dll
0x00007ff830910000 - 0x00007ff830926000 	C:\Users\0109-11\AppData\Local\Microsoft\VisualStudio\17.0_4a6e679b\Extensions\wajfoich.ng5\Sloop\jre\bin\nio.dll
0x00007ff8308f0000 - 0x00007ff830908000 	C:\Users\0109-11\AppData\Local\Microsoft\VisualStudio\17.0_4a6e679b\Extensions\wajfoich.ng5\Sloop\jre\bin\zip.dll
0x00007ff831ed0000 - 0x00007ff831ee0000 	C:\USERS\0109-11\APPDATA\LOCAL\MICROSOFT\VISUALSTUDIO\17.0_4A6E679B\EXTENSIONS\WAJFOICH.NG5\Sloop\jre\bin\verify.dll
0x00007ff831170000 - 0x00007ff83117e000 	C:\Users\0109-11\AppData\Local\Microsoft\VisualStudio\17.0_4a6e679b\Extensions\wajfoich.ng5\Sloop\jre\bin\sunmscapi.dll
0x00007ff84e190000 - 0x00007ff84e2ec000 	C:\Windows\System32\CRYPT32.dll
0x00007ff84d410000 - 0x00007ff84d437000 	C:\Windows\SYSTEM32\ncrypt.dll
0x00007ff84d3d0000 - 0x00007ff84d40b000 	C:\Windows\SYSTEM32\NTASN1.dll

dbghelp: loaded successfully - version: 4.0.5 - missing functions: none
symbol engine: initialized successfully - sym options: 0x614 - pdb path: .;C:\USERS\0109-11\APPDATA\LOCAL\MICROSOFT\VISUALSTUDIO\17.0_4A6E679B\EXTENSIONS\WAJFOICH.NG5\Sloop\jre\bin;C:\Windows\SYSTEM32;C:\Windows\WinSxS\amd64_microsoft.windows.common-controls_6595b64144ccf1df_6.0.19041.4355_none_60b8b9eb71f62e16;C:\USERS\0109-11\APPDATA\LOCAL\MICROSOFT\VISUALSTUDIO\17.0_4A6E679B\EXTENSIONS\WAJFOICH.NG5\Sloop\jre\bin\server

VM Arguments:
java_command: org.sonarsource.sonarlint.core.backend.cli.SonarLintServerCli
java_class_path (initial): C:\USERS\0109-11\APPDATA\LOCAL\MICROSOFT\VISUALSTUDIO\17.0_4A6E679B\EXTENSIONS\WAJFOICH.NG5\Sloop\lib\annotations-13.0.jar;C:\USERS\0109-11\APPDATA\LOCAL\MICROSOFT\VISUALSTUDIO\17.0_4A6E679B\EXTENSIONS\WAJFOICH.NG5\Sloop\lib\checker-qual-3.33.0.jar;C:\USERS\0109-11\APPDATA\LOCAL\MICROSOFT\VISUALSTUDIO\17.0_4A6E679B\EXTENSIONS\WAJFOICH.NG5\Sloop\lib\commons-codec-1.15.jar;C:\USERS\0109-11\APPDATA\LOCAL\MICROSOFT\VISUALSTUDIO\17.0_4A6E679B\EXTENSIONS\WAJFOICH.NG5\Sloop\lib\commons-compress-1.26.1.jar;C:\USERS\0109-11\APPDATA\LOCAL\MICROSOFT\VISUALSTUDIO\17.0_4A6E679B\EXTENSIONS\WAJFOICH.NG5\Sloop\lib\commons-csv-1.10.0.jar;C:\USERS\0109-11\APPDATA\LOCAL\MICROSOFT\VISUALSTUDIO\17.0_4A6E679B\EXTENSIONS\WAJFOICH.NG5\Sloop\lib\commons-io-2.16.1.jar;C:\USERS\0109-11\APPDATA\LOCAL\MICROSOFT\VISUALSTUDIO\17.0_4A6E679B\EXTENSIONS\WAJFOICH.NG5\Sloop\lib\commons-lang-2.6.jar;C:\USERS\0109-11\APPDATA\LOCAL\MICROSOFT\VISUALSTUDIO\17.0_4A6E679B\EXTENSIONS\WAJFOICH.NG5\Sloop\lib\commons-lang3-3.12.0.jar;C:\USERS\0109-11\APPDATA\LOCAL\MICROSOFT\VISUALSTUDIO\17.0_4A6E679B\EXTENSIONS\WAJFOICH.NG5\Sloop\lib\error_prone_annotations-2.18.0.jar;C:\USERS\0109-11\APPDATA\LOCAL\MICROSOFT\VISUALSTUDIO\17.0_4A6E679B\EXTENSIONS\WAJFOICH.NG5\Sloop\lib\failureaccess-1.0.1.jar;C:\USERS\0109-11\APPDATA\LOCAL\MICROSOFT\VISUALSTUDIO\17.0_4A6E679B\EXTENSIONS\WAJFOICH.NG5\Sloop\lib\git-files-blame-1.1.0.1835.jar;C:\USERS\0109-11\APPDATA\LOCAL\MICROSOFT\VISUALSTUDIO\17.0_4A6E679B\EXTENSIONS\WAJFOICH.NG5\Sloop\lib\gson-2.10.jar;C:\USERS\0109-11\APPDATA\LOCAL\MICROSOFT\VISUALSTUDIO\17.0_4A6E679B\EXTENSIONS\WAJFOICH.NG5\Sloop\lib\guava-32.1.1-jre.jar;C:\USERS\0109-11\APPDATA\LOCAL\MICROSOFT\VISUALSTUDIO\17.0_4A6E679B\EXTENSIONS\WAJFOICH.NG5\Sloop\lib\httpclient5-5.2.1.jar;C:\USERS\0109-11\APPDATA\LOCAL\MICROSOFT\VISUALSTUDIO\17.0_4A6E679B\EXTENSIONS\WAJFOICH.NG5\Sloop\lib\httpcore5-5.2.jar;C:\USERS\0109-11\APPDATA\LOCAL\MICROSOFT\VISUALSTUDIO\17.0_4A6E679B\EXTENSIONS\WAJFOICH.N
Launcher Type: SUN_STANDARD

[Global flags]
     intx CICompilerCount                          = 4                                         {product} {ergonomic}
     uint ConcGCThreads                            = 3                                         {product} {ergonomic}
     uint G1ConcRefinementThreads                  = 10                                        {product} {ergonomic}
   size_t G1HeapRegionSize                         = 2097152                                   {product} {ergonomic}
    uintx GCDrainStackTargetSize                   = 64                                        {product} {ergonomic}
   size_t InitialHeapSize                          = 268435456                                 {product} {ergonomic}
   size_t MarkStackSize                            = 4194304                                   {product} {ergonomic}
   size_t MaxHeapSize                              = 4278190080                                {product} {ergonomic}
   size_t MaxNewSize                               = 2566914048                                {product} {ergonomic}
   size_t MinHeapDeltaBytes                        = 2097152                                   {product} {ergonomic}
   size_t MinHeapSize                              = 8388608                                   {product} {ergonomic}
    uintx NonNMethodCodeHeapSize                   = 5839372                                {pd product} {ergonomic}
    uintx NonProfiledCodeHeapSize                  = 122909434                              {pd product} {ergonomic}
    uintx ProfiledCodeHeapSize                     = 122909434                              {pd product} {ergonomic}
    uintx ReservedCodeCacheSize                    = 251658240                              {pd product} {ergonomic}
     bool SegmentedCodeCache                       = true                                      {product} {ergonomic}
   size_t SoftMaxHeapSize                          = 4278190080                             {manageable} {ergonomic}
     bool UseCompressedClassPointers               = true                           {product lp64_product} {ergonomic}
     bool UseCompressedOops                        = true                           {product lp64_product} {ergonomic}
     bool UseG1GC                                  = true                                      {product} {ergonomic}
     bool UseLargePagesIndividualAllocation        = false                                  {pd product} {ergonomic}

Logging:
Log output configuration:
 #0: stdout all=warning uptime,level,tags
 #1: stderr all=off uptime,level,tags

Environment Variables:
PATH=C:\Program Files\Common Files\Oracle\Java\javapath;C:\Windows\system32;C:\Windows;C:\Windows\System32\Wbem;C:\Windows\System32\WindowsPowerShell\v1.0\;C:\Windows\System32\OpenSSH\;C:\Program Files\Microsoft SQL Server\150\Tools\Binn\;C:\Program Files\Microsoft SQL Server\Client SDK\ODBC\170\Tools\Binn\;C:\Program Files (x86)\Microsoft SQL Server\160\DTS\Binn\;C:\Program Files\Azure Data Studio\bin;C:\Program Files\Git\cmd;C:\Program Files (x86)\Windows Kits\10\Windows Performance Toolkit\;C:\Program Files\dotnet\;C:\Users\0109-11\AppData\Local\Microsoft\WindowsApps;C:\Users\0109-11\AppData\Local\Programs\Microsoft VS Code\bin;C:\Users\0109-11\.dotnet\tools
USERNAME=0109-11
OS=Windows_NT
PROCESSOR_IDENTIFIER=AMD64 Family 23 Model 113 Stepping 0, AuthenticAMD
TMP=C:\Users\0109-11\AppData\Local\Temp
TEMP=C:\Users\0109-11\AppData\Local\Temp



Periodic native trim disabled


---------------  S Y S T E M  ---------------

OS:
 Windows 10 , 64 bit Build 19041 (10.0.19041.5072)
OS uptime: 0 days 3:19 hours

CPU: total 12 (initial active 12) (12 cores per cpu, 2 threads per core) family 23 model 113 stepping 0 microcode 0x0, cx8, cmov, fxsr, ht, mmx, 3dnowpref, sse, sse2, sse3, ssse3, sse4a, sse4.1, sse4.2, popcnt, lzcnt, tsc, tscinvbit, avx, avx2, aes, clmul, bmi1, bmi2, adx, sha, fma, vzeroupper, clflush, clflushopt
Processor Information for all 12 processors :
  Max Mhz: 3593, Current Mhz: 3593, Mhz Limit: 3593

Memory: 4k page, system-wide physical 16318M (4420M free)
TotalPageFile size 17342M (AvailPageFile size 3M)
current process WorkingSet (physical memory assigned to process): 114M, peak: 114M
current process commit charge ("private bytes"): 389M, peak: 389M

vm_info: OpenJDK 64-Bit Server VM (17.0.9+9) for windows-amd64 JRE (17.0.9+9), built on Oct 26 2023 14:01:42 by "admin" with MS VC++ 16.10 / 16.11 (VS2019)

END.
